<?xml version="1.0" encoding="UTF-8"?>
<!-- Generated by org.testng.reporters.JUnitReportReporter -->
<testsuite hostname="DESKTOP-TGPHOC5" failures="0" tests="5" name="testrunner.NewTest" time="33.911" errors="0" timestamp="15 Dec 2021 09:55:28 GMT" skipped="0">
  <testcase classname="testrunner.NewTest" name="urlverification" time="1.736"/>
  <testcase classname="testrunner.NewTest" name="login" time="11.580"/>
  <testcase classname="testrunner.NewTest" name="fabricsofabuttonclick" time="8.483"/>
  <testcase classname="testrunner.NewTest" name="sortingchkbox" time="2.824"/>
  <testcase classname="testrunner.NewTest" name="sortingradiobttn" time="9.288"/>
</testsuite> <!-- testrunner.NewTest -->
