<?xml version="1.0" encoding="UTF-8"?>
<!-- Generated by org.testng.reporters.JUnitReportReporter -->
<testsuite hostname="DESKTOP-TGPHOC5" failures="0" tests="3" name="idempotentOperations.Test_Runner" time="2.484" errors="0" timestamp="2021-12-15T15:43:32 IST" skipped="0">
  <testcase classname="idempotentOperations.Test_Runner" name="Delete" time="1.922"/>
  <system-out/>
  <testcase classname="idempotentOperations.Test_Runner" name="Get" time="0.076"/>
  <system-out/>
  <testcase classname="idempotentOperations.Test_Runner" name="Put" time="0.486"/>
  <system-out/>
</testsuite> <!-- idempotentOperations.Test_Runner -->
