<?xml version="1.0" encoding="UTF-8"?>
<!-- Generated by org.testng.reporters.JUnitReportReporter -->
<testsuite hostname="DESKTOP-TGPHOC5" failures="0" tests="1" name="operations.Post_Rqst" time="3.299" errors="0" timestamp="2021-12-15T15:43:59 IST" skipped="0">
  <testcase classname="operations.Post_Rqst" name="test2" time="3.299"/>
  <system-out/>
</testsuite> <!-- operations.Post_Rqst -->
